C51 COMPILER V9.54   OLEDCHAR                                                              05/22/2021 09:45:54 PAGE 1   


C51 COMPILER V9.54, COMPILATION OF MODULE OLEDCHAR
OBJECT MODULE PLACED IN .\Objects\oledchar.obj
COMPILER INVOKED BY: D:\keil5\C51\BIN\C51.EXE oledchar.c OPTIMIZE(8,SPEED) BROWSE DEBUG OBJECTEXTEND PRINT(.\Listings\ol
                    -edchar.lst) TABS(2) OBJECT(.\Objects\oledchar.obj)

line level    source

   1          #include"oledchar.h"
   2          #include"intrins.h"
   3          
   4          
   5          //数组名前加code 可以增大数组的容量
   6          
   7          unsigned char code zifu[50][32]={
   8          {0x10,0x10,0xD0,0xFF,0x90,0x14,0xE4,0xAF,0xA4,0xA4,0xA4,0xAF,0xE4,0x04,0x00,0x00,0x04,0x03,0x00,0xFF,0x00,
             -0x89,0x4B,0x2A,0x1A,0x0E,0x1A,0x2A,0x4B,0x88,0x80,0x00},/*"模",0*/
   9          {0x10,0x10,0x90,0x90,0x90,0x90,0x90,0x10,0x10,0xFF,0x10,0x10,0x11,0x16,0x10,0x00,0x00,0x20,0x60,0x20,0x3F,
             -0x10,0x10,0x10,0x00,0x03,0x0C,0x10,0x20,0x40,0xF8,0x00},/*"式",1*/
  10          {0x00,0x00,0x00,0x00,0x00,0x00,0x00,0x00,0x00,0x00,0x00,0x00,0x00,0x00,0x00,0x00,0x00,0x00,0x36,0x36,0x00,
             -0x00,0x00,0x00,0x00,0x00,0x00,0x00,0x00,0x00,0x00,0x00},/*"：",2*/
  11          {0x00,0x00,0x24,0x24,0x24,0x24,0x24,0xFC,0x22,0x22,0x22,0x23,0x22,0x00,0x00,0x00,0x02,0x02,0x02,0x02,0x02,
             -0x42,0x82,0x7F,0x02,0x02,0x02,0x02,0x02,0x02,0x02,0x00},/*"手",3*/
  12          {0x10,0x10,0xD0,0xFF,0x90,0x10,0x00,0xFE,0x02,0x02,0x02,0xFE,0x00,0x00,0x00,0x00,0x04,0x03,0x00,0xFF,0x00,
             -0x83,0x60,0x1F,0x00,0x00,0x00,0x3F,0x40,0x40,0x78,0x00},/*"机",4*/
  13          {0x40,0x40,0x42,0xCC,0x00,0x00,0x4A,0x32,0x22,0x2A,0xF1,0x21,0x31,0x2D,0x00,0x00,0x00,0x80,0x40,0x3F,0x40,
             -0x80,0x81,0xBD,0xA1,0xA1,0xBF,0xA1,0xA1,0xBD,0x81,0x00},/*"遥",5*/
  14          {0x10,0x10,0x10,0xFF,0x90,0x20,0x98,0x48,0x28,0x09,0x0E,0x28,0x48,0xA8,0x18,0x00,0x02,0x42,0x81,0x7F,0x00,
             -0x40,0x40,0x42,0x42,0x42,0x7E,0x42,0x42,0x42,0x40,0x00},/*"控",6*/
  15          {0x00,0x00,0x00,0x00,0x00,0x00,0x00,0x00,0x00,0x00,0x00,0x00,0x00,0x00,0x00,0x00,0x00,0x00,0x18,0x24,0x24,
             -0x18,0x00,0x00,0x00,0x00,0x00,0x00,0x00,0x00,0x00,0x00},/*"。",7*/
  16          {0x40,0x40,0x42,0xCC,0x00,0x20,0x22,0x22,0xA2,0x62,0x22,0x22,0x22,0x20,0x00,0x00,0x00,0x40,0x20,0x1F,0x20,
             -0x44,0x4E,0x45,0x44,0x44,0x44,0x45,0x46,0x4C,0x40,0x00},/*"运",8*/
  17          {0x00,0x10,0x88,0xC4,0x33,0x00,0x40,0x42,0x42,0x42,0xC2,0x42,0x42,0x42,0x40,0x00,0x02,0x01,0x00,0xFF,0x00,
             -0x00,0x00,0x00,0x40,0x80,0x7F,0x00,0x00,0x00,0x00,0x00},/*"行",9*/
  18          {0x00,0xFC,0x84,0x84,0x84,0xFC,0x00,0x10,0x10,0x10,0x10,0x10,0xFF,0x10,0x10,0x00,0x00,0x3F,0x10,0x10,0x10,
             -0x3F,0x00,0x00,0x01,0x06,0x40,0x80,0x7F,0x00,0x00,0x00},/*"时",10*/
  19          {0x40,0x40,0x42,0xCC,0x00,0x04,0xF4,0x94,0x94,0xFF,0x94,0x94,0xF4,0x04,0x00,0x00,0x00,0x40,0x20,0x1F,0x20,
             -0x48,0x44,0x42,0x41,0x5F,0x41,0x42,0x44,0x48,0x40,0x00},/*"速",11*/
  20          {0x00,0x00,0x00,0x00,0x00,0x00,0x00,0x00,0x00,0x00,0x00,0x00,0x00,0x00,0x00,0x00,0x00,0x00,0x36,0x36,0x00,
             -0x00,0x00,0x00,0x00,0x00,0x00,0x00,0x00,0x00,0x00,0x00},/*"：",12*/
  21          {0x40,0x40,0x42,0xCC,0x00,0x00,0x4A,0x32,0x22,0x2A,0xF1,0x21,0x31,0x2D,0x00,0x00,0x00,0x80,0x40,0x3F,0x40,
             -0x80,0x81,0xBD,0xA1,0xA1,0xBF,0xA1,0xA1,0xBD,0x81,0x00},/*"遥",13*/
  22          {0x10,0x10,0x10,0xFF,0x90,0x20,0x98,0x48,0x28,0x09,0x0E,0x28,0x48,0xA8,0x18,0x00,0x02,0x42,0x81,0x7F,0x00,
             -0x40,0x40,0x42,0x42,0x42,0x7E,0x42,0x42,0x42,0x40,0x00},/*"控",14*/
  23          {0x10,0x10,0xFF,0x10,0x90,0xE0,0x2F,0x29,0xE9,0x09,0xE9,0x29,0x2F,0xE0,0x00,0x00,0x42,0x82,0x7F,0x41,0x44,
             -0x25,0x15,0x0D,0x05,0xFE,0x0D,0x15,0x25,0x45,0x44,0x00},/*"操",15*/
  24          {0x00,0x80,0x60,0xF8,0x07,0x40,0x30,0x0F,0xF8,0x88,0x88,0x88,0x88,0x08,0x08,0x00,0x01,0x00,0x00,0xFF,0x00,
             -0x00,0x00,0x00,0xFF,0x08,0x08,0x08,0x08,0x08,0x00,0x00},/*"作",16*/
  25          {0x00,0x00,0x00,0x00,0x00,0x00,0x00,0x00,0x00,0x00,0x00,0x00,0x00,0x00,0x00,0x00,0x00,0x00,0x36,0x36,0x00,
             -0x00,0x00,0x00,0x00,0x00,0x00,0x00,0x00,0x00,0x00,0x00},/*"：",17*/
  26          {0x00,0xFE,0x02,0x22,0xDA,0x06,0x10,0xD2,0x56,0x5A,0x53,0x5A,0x56,0xD2,0x10,0x00,0x00,0xFF,0x08,0x10,0x08,
             -0x07,0x10,0x17,0x15,0x15,0xFD,0x15,0x15,0x17,0x10,0x00},/*"障",18*/
  27          {0x04,0x84,0xE4,0x5C,0x44,0xC4,0x00,0xBE,0xAA,0xAA,0xAA,0xAA,0xBE,0x80,0x00,0x00,0x02,0x01,0x7F,0x10,0x10,
             -0x3F,0x02,0x0A,0x12,0x42,0x82,0x7F,0x02,0x02,0x02,0x00},/*"碍",19*/
  28          {0x40,0x3C,0x10,0xFF,0x10,0x10,0x20,0x10,0x8F,0x78,0x08,0xF8,0x08,0xF8,0x00,0x00,0x02,0x06,0x02,0xFF,0x01,
             -0x01,0x04,0x42,0x21,0x18,0x46,0x81,0x40,0x3F,0x00,0x00},/*"物",20*/
  29          {0x00,0x3E,0x22,0xE2,0x22,0x3E,0x00,0xFE,0x22,0x22,0x22,0x22,0x22,0xE2,0x02,0x00,0x20,0x3F,0x20,0x1F,0x11,
             -0x11,0x00,0x7F,0x44,0x44,0x44,0x44,0x44,0x47,0x40,0x00},/*"距",21*/
  30          {0x04,0x04,0x04,0xF4,0x84,0xD4,0xA5,0xA6,0xA4,0xD4,0x84,0xF4,0x04,0x04,0x04,0x00,0x00,0xFE,0x02,0x02,0x12,
             -0x3A,0x16,0x13,0x12,0x1A,0x32,0x42,0x82,0x7E,0x00,0x00},/*"离",22*/
  31          {0x10,0x10,0xD0,0xFF,0x90,0x14,0xE4,0xAF,0xA4,0xA4,0xA4,0xAF,0xE4,0x04,0x00,0x00,0x04,0x03,0x00,0xFF,0x00,
C51 COMPILER V9.54   OLEDCHAR                                                              05/22/2021 09:45:54 PAGE 2   

             -0x89,0x4B,0x2A,0x1A,0x0E,0x1A,0x2A,0x4B,0x88,0x80,0x00},/*"模",23*/
  32          {0x10,0x10,0x90,0x90,0x90,0x90,0x90,0x10,0x10,0xFF,0x10,0x10,0x11,0x16,0x10,0x00,0x00,0x20,0x60,0x20,0x3F,
             -0x10,0x10,0x10,0x00,0x03,0x0C,0x10,0x20,0x40,0xF8,0x00},/*"式",24*/
  33          {0x00,0x00,0x00,0x00,0x00,0x00,0x00,0x00,0x00,0x00,0x00,0x00,0x00,0x00,0x00,0x00,0x00,0x00,0x36,0x36,0x00,
             -0x00,0x00,0x00,0x00,0x00,0x00,0x00,0x00,0x00,0x00,0x00},/*"：",25*/
  34          {0x00,0x00,0x00,0xF8,0x88,0x8C,0x8A,0x89,0x88,0x88,0x88,0xF8,0x00,0x00,0x00,0x00,0x00,0x00,0x00,0xFF,0x44,
             -0x44,0x44,0x44,0x44,0x44,0x44,0xFF,0x00,0x00,0x00,0x00},/*"自",26*/
  35          {0x40,0x44,0xC4,0x44,0x44,0x44,0x40,0x10,0x10,0xFF,0x10,0x10,0x10,0xF0,0x00,0x00,0x10,0x3C,0x13,0x10,0x14,
             -0xB8,0x40,0x30,0x0E,0x01,0x40,0x80,0x40,0x3F,0x00,0x00},/*"动",27*/
  36          {0x00,0x00,0x82,0x92,0x92,0x92,0x92,0x92,0x92,0x92,0x92,0x92,0xFE,0x00,0x00,0x00,0x04,0x04,0x04,0x04,0x0C,
             -0x34,0x04,0x04,0x44,0x84,0x7F,0x04,0x04,0x04,0x04,0x00},/*"寻",28*/
  37          {0x40,0x40,0x42,0xCC,0x00,0x08,0xC8,0x08,0xF8,0x09,0x0E,0xF8,0x08,0x48,0x88,0x00,0x00,0x40,0x20,0x1F,0x20,
             -0x51,0x48,0x46,0x41,0x48,0x50,0x4F,0x40,0x40,0x41,0x00},/*"迹",29*/
  38          {0x00,0x00,0x00,0x00,0x00,0x00,0x00,0x00,0x00,0x00,0x00,0x00,0x00,0x00,0x00,0x00,0x00,0x00,0x18,0x24,0x24,
             -0x18,0x00,0x00,0x00,0x00,0x00,0x00,0x00,0x00,0x00,0x00},/*"。",30*/
  39          {0x00,0x00,0x82,0x92,0x92,0x92,0x92,0x92,0x92,0x92,0x92,0x92,0xFE,0x00,0x00,0x00,0x04,0x04,0x04,0x04,0x0C,
             -0x34,0x04,0x04,0x44,0x84,0x7F,0x04,0x04,0x04,0x04,0x00},/*"寻",31*/
  40          {0x40,0x40,0x42,0xCC,0x00,0x08,0xC8,0x08,0xF8,0x09,0x0E,0xF8,0x08,0x48,0x88,0x00,0x00,0x40,0x20,0x1F,0x20,
             -0x51,0x48,0x46,0x41,0x48,0x50,0x4F,0x40,0x40,0x41,0x00},/*"迹",32*/
  41          {0x10,0x10,0xFF,0x10,0x90,0xE0,0x2F,0x29,0xE9,0x09,0xE9,0x29,0x2F,0xE0,0x00,0x00,0x42,0x82,0x7F,0x41,0x44,
             -0x25,0x15,0x0D,0x05,0xFE,0x0D,0x15,0x25,0x45,0x44,0x00},/*"操",33*/
  42          {0x00,0x80,0x60,0xF8,0x07,0x40,0x30,0x0F,0xF8,0x88,0x88,0x88,0x88,0x08,0x08,0x00,0x01,0x00,0x00,0xFF,0x00,
             -0x00,0x00,0x00,0xFF,0x08,0x08,0x08,0x08,0x08,0x00,0x00},/*"作",34*/
  43          {0x00,0x00,0x00,0x00,0x00,0x00,0x00,0x00,0x00,0x00,0x00,0x00,0x00,0x00,0x00,0x00,0x00,0x00,0x36,0x36,0x00,
             -0x00,0x00,0x00,0x00,0x00,0x00,0x00,0x00,0x00,0x00,0x00},/*"：",35*/
  44          {0x10,0x10,0xD0,0xFF,0x90,0x14,0xE4,0xAF,0xA4,0xA4,0xA4,0xAF,0xE4,0x04,0x00,0x00,0x04,0x03,0x00,0xFF,0x00,
             -0x89,0x4B,0x2A,0x1A,0x0E,0x1A,0x2A,0x4B,0x88,0x80,0x00},/*"模",36*/
  45          {0x10,0x10,0x90,0x90,0x90,0x90,0x90,0x10,0x10,0xFF,0x10,0x10,0x11,0x16,0x10,0x00,0x00,0x20,0x60,0x20,0x3F,
             -0x10,0x10,0x10,0x00,0x03,0x0C,0x10,0x20,0x40,0xF8,0x00},/*"式",37*/
  46          {0x00,0x00,0x00,0x00,0x00,0x00,0x00,0x00,0x00,0x00,0x00,0x00,0x00,0x00,0x00,0x00,0x00,0x00,0x36,0x36,0x00,
             -0x00,0x00,0x00,0x00,0x00,0x00,0x00,0x00,0x00,0x00,0x00},/*"：",38*/
  47          {0x00,0x00,0x00,0xF8,0x88,0x8C,0x8A,0x89,0x88,0x88,0x88,0xF8,0x00,0x00,0x00,0x00,0x00,0x00,0x00,0xFF,0x44,
             -0x44,0x44,0x44,0x44,0x44,0x44,0xFF,0x00,0x00,0x00,0x00},/*"自",39*/
  48          {0x40,0x44,0xC4,0x44,0x44,0x44,0x40,0x10,0x10,0xFF,0x10,0x10,0x10,0xF0,0x00,0x00,0x10,0x3C,0x13,0x10,0x14,
             -0xB8,0x40,0x30,0x0E,0x01,0x40,0x80,0x40,0x3F,0x00,0x00},/*"动",40*/
  49          {0x40,0x42,0xCC,0x00,0x80,0x7E,0x22,0x22,0x3E,0x00,0x54,0x65,0xC6,0x64,0x54,0x00,0x40,0x20,0x1F,0x22,0x41,
             -0x5F,0x49,0x49,0x5F,0x40,0x42,0x42,0x5F,0x42,0x42,0x00},/*"避",41*/
  50          {0x00,0xFE,0x02,0x22,0xDA,0x06,0x10,0xD2,0x56,0x5A,0x53,0x5A,0x56,0xD2,0x10,0x00,0x00,0xFF,0x08,0x10,0x08,
             -0x07,0x10,0x17,0x15,0x15,0xFD,0x15,0x15,0x17,0x10,0x00},/*"障",42*/
  51          {0x00,0x00,0x00,0x00,0x00,0x00,0x00,0x00,0x00,0x00,0x00,0x00,0x00,0x00,0x00,0x00,0x00,0x00,0x18,0x24,0x24,
             -0x18,0x00,0x00,0x00,0x00,0x00,0x00,0x00,0x00,0x00,0x00},/*"。",43*/
  52          {0x40,0x42,0xCC,0x00,0x80,0x7E,0x22,0x22,0x3E,0x00,0x54,0x65,0xC6,0x64,0x54,0x00,0x40,0x20,0x1F,0x22,0x41,
             -0x5F,0x49,0x49,0x5F,0x40,0x42,0x42,0x5F,0x42,0x42,0x00},/*"避",44*/
  53          {0x00,0xFE,0x02,0x22,0xDA,0x06,0x10,0xD2,0x56,0x5A,0x53,0x5A,0x56,0xD2,0x10,0x00,0x00,0xFF,0x08,0x10,0x08,
             -0x07,0x10,0x17,0x15,0x15,0xFD,0x15,0x15,0x17,0x10,0x00},/*"障",45*/
  54          {0x10,0x10,0xFF,0x10,0x90,0xE0,0x2F,0x29,0xE9,0x09,0xE9,0x29,0x2F,0xE0,0x00,0x00,0x42,0x82,0x7F,0x41,0x44,
             -0x25,0x15,0x0D,0x05,0xFE,0x0D,0x15,0x25,0x45,0x44,0x00},/*"操",46*/
  55          {0x00,0x80,0x60,0xF8,0x07,0x40,0x30,0x0F,0xF8,0x88,0x88,0x88,0x88,0x08,0x08,0x00,0x01,0x00,0x00,0xFF,0x00,
             -0x00,0x00,0x00,0xFF,0x08,0x08,0x08,0x08,0x08,0x00,0x00},/*"作",47*/
  56          {0x00,0x00,0x00,0x00,0x00,0x00,0x00,0x00,0x00,0x00,0x00,0x00,0x00,0x00,0x00,0x00,0x00,0x00,0x36,0x36,0x00,
             -0x00,0x00,0x00,0x00,0x00,0x00,0x00,0x00,0x00,0x00,0x00},/*"：",48*/
  57          };    //第一个中括号表示具体元素个数，第二个表示元素里面装的数据个数
  58          
  59          unsigned char code number[14][16]={
  60             {0x00,0xE0,0x10,0x08,0x08,0x10,0xE0,0x00,0x00,0x0F,0x10,0x20,0x20,0x10,0x0F,0x00,},//0
  61             {0x00,0x00,0x10,0x10,0xF8,0x00,0x00,0x00,0x00,0x00,0x20,0x20,0x3F,0x20,0x20,0x00,},//1
  62             {0x00,0x70,0x08,0x08,0x08,0x08,0xF0,0x00,0x00,0x30,0x28,0x24,0x22,0x21,0x30,0x00,},//2
  63             {0x00,0x30,0x08,0x08,0x08,0x88,0x70,0x00,0x00,0x18,0x20,0x21,0x21,0x22,0x1C,0x00,},//3
  64             {0x00,0x00,0x80,0x40,0x30,0xF8,0x00,0x00,0x00,0x06,0x05,0x24,0x24,0x3F,0x24,0x24,},//4
  65             {0x00,0xF8,0x88,0x88,0x88,0x08,0x08,0x00,0x00,0x19,0x20,0x20,0x20,0x11,0x0E,0x00,},//5
  66             {0x00,0xE0,0x10,0x88,0x88,0x90,0x00,0x00,0x00,0x0F,0x11,0x20,0x20,0x20,0x1F,0x00,},//6
  67             {0x00,0x18,0x08,0x08,0x88,0x68,0x18,0x00,0x00,0x00,0x00,0x3E,0x01,0x00,0x00,0x00,},//7
C51 COMPILER V9.54   OLEDCHAR                                                              05/22/2021 09:45:54 PAGE 3   

  68             {0x00,0x70,0x88,0x08,0x08,0x88,0x70,0x00,0x00,0x1C,0x22,0x21,0x21,0x22,0x1C,0x00,},//8
  69             {0x00,0xF0,0x08,0x08,0x08,0x10,0xE0,0x00,0x00,0x01,0x12,0x22,0x22,0x11,0x0F,0x00,},//9
  70             {0xF0,0x08,0xF0,0x80,0x60,0x18,0x00,0x00,0x00,0x31,0x0C,0x03,0x1E,0x21,0x1E,0x00,},//%
  71             {0xC0,0x30,0x08,0x08,0x08,0x08,0x38,0x00,0x07,0x18,0x20,0x20,0x20,0x10,0x08,0x00,},//C
  72             {0x08,0xF8,0xF8,0x00,0xF8,0xF8,0x08,0x00,0x20,0x3F,0x01,0x3E,0x01,0x3F,0x20,0x00,},//M
  73             {0x00,0x00,0x00,0x00,0x00,0x00,0x00,0x00,0x00,0x00,0x00,0x00,0x00,0x00,0x00,0x00,},// 
  74             };
  75          
  76          unsigned char code caozuo[10][32]={  
  77          {0x08,0x08,0xE8,0x29,0x2E,0x28,0xE8,0x08,0x08,0xC8,0x0C,0x0B,0xE8,0x08,0x08,0x00,0x00,0x00,0xFF,0x09,0x49,
             -0x89,0x7F,0x00,0x00,0x0F,0x40,0x80,0x7F,0x00,0x00,0x00},/*"前",0*/
  78          {0x40,0x40,0x42,0xCC,0x00,0x80,0x88,0x88,0xFF,0x88,0x88,0xFF,0x88,0x88,0x80,0x00,0x00,0x40,0x20,0x1F,0x20,
             -0x40,0x50,0x4C,0x43,0x40,0x40,0x5F,0x40,0x40,0x40,0x00},/*"进",1*/
  79          {0x00,0x00,0x00,0xFC,0x24,0x24,0x24,0x24,0x22,0x22,0x22,0x23,0x22,0x20,0x20,0x00,0x40,0x20,0x18,0x07,0x00,
             -0xFE,0x42,0x42,0x42,0x42,0x42,0x42,0xFE,0x00,0x00,0x00},/*"后",2*/
  80          {0x40,0x40,0x42,0xCC,0x00,0x00,0xFF,0x49,0x49,0xC9,0x49,0x49,0x7F,0x80,0x00,0x00,0x00,0x40,0x20,0x1F,0x20,
             -0x40,0x5F,0x48,0x44,0x40,0x41,0x42,0x45,0x58,0x40,0x00},/*"退",3*/
  81          {0x08,0x08,0x08,0x08,0x88,0x78,0x0F,0x08,0x08,0x08,0x08,0x08,0x08,0x08,0x08,0x00,0x20,0x10,0x48,0x46,0x41,
             -0x41,0x41,0x41,0x7F,0x41,0x41,0x41,0x41,0x40,0x40,0x00},/*"左",4*/
  82          {0xC8,0xB8,0x8F,0xE8,0x88,0x88,0x40,0x48,0x48,0xE8,0x5F,0x48,0x48,0x48,0x40,0x00,0x08,0x18,0x08,0xFF,0x04,
             -0x04,0x00,0x02,0x0B,0x12,0x22,0xD2,0x0A,0x06,0x00,0x00},/*"转",5*/
  83          {0x08,0x08,0x08,0x08,0xC8,0x38,0x0F,0x08,0x08,0x08,0x08,0x08,0x08,0x08,0x08,0x00,0x08,0x04,0x02,0x01,0xFF,
             -0x41,0x41,0x41,0x41,0x41,0x41,0x41,0xFF,0x00,0x00,0x00},/*"右",6*/
  84          {0xC8,0xB8,0x8F,0xE8,0x88,0x88,0x40,0x48,0x48,0xE8,0x5F,0x48,0x48,0x48,0x40,0x00,0x08,0x18,0x08,0xFF,0x04,
             -0x04,0x00,0x02,0x0B,0x12,0x22,0xD2,0x0A,0x06,0x00,0x00},/*"转",7*/
  85          {0x80,0x60,0xF8,0x07,0x00,0x04,0x74,0x54,0x55,0x56,0x54,0x54,0x74,0x04,0x00,0x00,0x00,0x00,0xFF,0x00,0x03,
             -0x01,0x05,0x45,0x85,0x7D,0x05,0x05,0x05,0x01,0x03,0x00},/*"停",8*/
  86          {0x00,0x08,0x88,0x48,0x28,0x18,0x0F,0xE8,0x08,0x08,0x08,0x08,0x08,0x08,0x00,0x00,0x08,0x08,0x09,0x09,0x09,
             -0x09,0x09,0xFF,0x09,0x09,0x09,0x09,0x09,0x08,0x08,0x00},/*"车",9*/
  87             };


MODULE INFORMATION:   STATIC OVERLAYABLE
   CODE SIZE        =   ----    ----
   CONSTANT SIZE    =   2144    ----
   XDATA SIZE       =   ----    ----
   PDATA SIZE       =   ----    ----
   DATA SIZE        =   ----    ----
   IDATA SIZE       =   ----    ----
   BIT SIZE         =   ----    ----
END OF MODULE INFORMATION.


C51 COMPILATION COMPLETE.  0 WARNING(S),  0 ERROR(S)
